[31m[1mERROR   [0m caiyuan:test_login.py:24 用例--登陆失败-用户名错误--执行未通过
[31m[1mERROR   [0m caiyuan:test_login.py:25 assert '0' == '1001'
  - 1001
  + 0
Traceback (most recent call last):
  File "F:\apitest_firsttry\web_project_api_demo\testcase\test_login.py", line 21, in test_login
    assert jsonpath.jsonpath(res, "$..code")[0] == expected["code"]
AssertionError: assert '0' == '1001'
  - 1001
  + 0